# JRE version: OpenJDK Runtime Environment Microsoft-11933218 (21.0.8+9) (build 21.0.8+9-LTS)
# Java VM: OpenJDK 64-Bit Server VM Microsoft-11933218 (21.0.8+9-LTS, mixed mode, sharing, tiered, compressed oops, compressed class ptrs, g1 gc, windows-amd64)
GC Precious Log:
 CardTable entry size: 512
 Card Set container configuration: InlinePtr #cards 4 size 8 Array Of Cards #cards 16 size 48 Howl #buckets 8 coarsen threshold 3686 Howl Bitmap #cards 512 size 80 coarsen threshold 460 Card regions per heap region 1 cards per card region 4096
 CPUs: 8 total, 8 available
 Memory: 16110M
 Large Page Support: Disabled
 NUMA Support: Disabled
 Compressed Oops: Enabled (Zero based)
 Heap Region Size: 2M
 Heap Min Capacity: 8M
 Heap Initial Capacity: 8M
 Heap Max Capacity: 4028M
 Pre-touch: Disabled
 Parallel Workers: 8
 Concurrent Workers: 2
 Concurrent Refinement Workers: 8
 Periodic GC: Disabled
Heap:
 garbage-first heap   total 200704K, used 113573K [0x0000000704400000, 0x0000000800000000)
  region size 2048K, 19 young (38912K), 4 survivors (8192K)
 Metaspace       used 12605K, committed 12736K, reserved 1114112K
  class space    used 1162K, committed 1216K, reserved 1048576K
GC Heap History (20 events):
Event: 2.063 GC heap before
{Heap before GC invocations=17 (full 0):
 garbage-first heap   total 69632K, used 38007K [0x0000000704400000, 0x0000000800000000)
  region size 2048K, 8 young (16384K), 1 survivors (2048K)
 Metaspace       used 8224K, committed 8384K, reserved 1114112K
  class space    used 893K, committed 960K, reserved 1048576K
}
Event: 2.068 GC heap after
{Heap after GC invocations=18 (full 0):
 garbage-first heap   total 69632K, used 27325K [0x0000000704400000, 0x0000000800000000)
  region size 2048K, 2 young (4096K), 2 survivors (4096K)
 Metaspace       used 8224K, committed 8384K, reserved 1114112K
  class space    used 893K, committed 960K, reserved 1048576K
}
Event: 2.126 GC heap before
{Heap before GC invocations=18 (full 0):
 garbage-first heap   total 69632K, used 47805K [0x0000000704400000, 0x0000000800000000)
  region size 2048K, 9 young (18432K), 2 survivors (4096K)
 Metaspace       used 8232K, committed 8384K, reserved 1114112K
  class space    used 893K, committed 960K, reserved 1048576K
}
Event: 2.132 GC heap after
{Heap after GC invocations=19 (full 0):
 garbage-first heap   total 69632K, used 25246K [0x0000000704400000, 0x0000000800000000)
  region size 2048K, 2 young (4096K), 2 survivors (4096K)
 Metaspace       used 8232K, committed 8384K, reserved 1114112K
  class space    used 893K, committed 960K, reserved 1048576K
}
Event: 2.524 GC heap before
{Heap before GC invocations=19 (full 0):
 garbage-first heap   total 69632K, used 47774K [0x0000000704400000, 0x0000000800000000)
  region size 2048K, 12 young (24576K), 2 survivors (4096K)
 Metaspace       used 8400K, committed 8512K, reserved 1114112K
  class space    used 893K, committed 960K, reserved 1048576K
}
Event: 2.532 GC heap after
{Heap after GC invocations=20 (full 0):
 garbage-first heap   total 69632K, used 28502K [0x0000000704400000, 0x0000000800000000)
  region size 2048K, 2 young (4096K), 2 survivors (4096K)
 Metaspace       used 8400K, committed 8512K, reserved 1114112K
  class space    used 893K, committed 960K, reserved 1048576K
}
Event: 3.143 GC heap before
{Heap before GC invocations=20 (full 0):
 garbage-first heap   total 69632K, used 51030K [0x0000000704400000, 0x0000000800000000)
  region size 2048K, 13 young (26624K), 2 survivors (4096K)
 Metaspace       used 9165K, committed 9344K, reserved 1114112K
  class space    used 968K, committed 1024K, reserved 1048576K
}
Event: 3.156 GC heap after
{Heap after GC invocations=21 (full 0):
 garbage-first heap   total 106496K, used 38697K [0x0000000704400000, 0x0000000800000000)
  region size 2048K, 2 young (4096K), 2 survivors (4096K)
 Metaspace       used 9165K, committed 9344K, reserved 1114112K
  class space    used 968K, committed 1024K, reserved 1048576K
}
Event: 3.588 GC heap before
{Heap before GC invocations=21 (full 0):
 garbage-first heap   total 106496K, used 75561K [0x0000000704400000, 0x0000000800000000)
  region size 2048K, 19 young (38912K), 2 survivors (4096K)
 Metaspace       used 9972K, committed 10112K, reserved 1114112K
  class space    used 1034K, committed 1088K, reserved 1048576K
}
Event: 3.607 GC heap after
{Heap after GC invocations=22 (full 0):
 garbage-first heap   total 106496K, used 50746K [0x0000000704400000, 0x0000000800000000)
  region size 2048K, 3 young (6144K), 3 survivors (6144K)
 Metaspace       used 9972K, committed 10112K, reserved 1114112K
  class space    used 1034K, committed 1088K, reserved 1048576K
}
Event: 3.953 GC heap before
{Heap before GC invocations=22 (full 0):
 garbage-first heap   total 106496K, used 79418K [0x0000000704400000, 0x0000000800000000)
  region size 2048K, 17 young (34816K), 3 survivors (6144K)
 Metaspace       used 10251K, committed 10368K, reserved 1114112K
  class space    used 1037K, committed 1088K, reserved 1048576K
}
Event: 3.986 GC heap after
{Heap after GC invocations=23 (full 0):
 garbage-first heap   total 106496K, used 66560K [0x0000000704400000, 0x0000000800000000)
  region size 2048K, 3 young (6144K), 3 survivors (6144K)
 Metaspace       used 10251K, committed 10368K, reserved 1114112K
  class space    used 1037K, committed 1088K, reserved 1048576K
}
Event: 4.196 GC heap before
{Heap before GC invocations=23 (full 0):
 garbage-first heap   total 106496K, used 82944K [0x0000000704400000, 0x0000000800000000)
  region size 2048K, 12 young (24576K), 3 survivors (6144K)
 Metaspace       used 10333K, committed 10496K, reserved 1114112K
  class space    used 1038K, committed 1088K, reserved 1048576K
}
Event: 4.216 GC heap after
{Heap after GC invocations=24 (full 0):
 garbage-first heap   total 106496K, used 71680K [0x0000000704400000, 0x0000000800000000)
  region size 2048K, 2 young (4096K), 2 survivors (4096K)
 Metaspace       used 10333K, committed 10496K, reserved 1114112K
  class space    used 1038K, committed 1088K, reserved 1048576K
}
Event: 4.532 GC heap before
{Heap before GC invocations=25 (full 0):
 garbage-first heap   total 126976K, used 94208K [0x0000000704400000, 0x0000000800000000)
  region size 2048K, 11 young (22528K), 2 survivors (4096K)
 Metaspace       used 10482K, committed 10624K, reserved 1114112K
  class space    used 1043K, committed 1088K, reserved 1048576K
}
Event: 4.548 GC heap after
{Heap after GC invocations=26 (full 0):
 garbage-first heap   total 126976K, used 78606K [0x0000000704400000, 0x0000000800000000)
  region size 2048K, 2 young (4096K), 2 survivors (4096K)
 Metaspace       used 10482K, committed 10624K, reserved 1114112K
  class space    used 1043K, committed 1088K, reserved 1048576K
}
Event: 5.519 GC heap before
{Heap before GC invocations=26 (full 0):
 garbage-first heap   total 126976K, used 103182K [0x0000000704400000, 0x0000000800000000)
  region size 2048K, 14 young (28672K), 2 survivors (4096K)
 Metaspace       used 11934K, committed 12096K, reserved 1114112K
  class space    used 1151K, committed 1216K, reserved 1048576K
}
Event: 5.540 GC heap after
{Heap after GC invocations=27 (full 0):
 garbage-first heap   total 200704K, used 79958K [0x0000000704400000, 0x0000000800000000)
  region size 2048K, 2 young (4096K), 2 survivors (4096K)
 Metaspace       used 11934K, committed 12096K, reserved 1114112K
  class space    used 1151K, committed 1216K, reserved 1048576K
}
Event: 7.215 GC heap before
{Heap before GC invocations=27 (full 0):
 garbage-first heap   total 200704K, used 147542K [0x0000000704400000, 0x0000000800000000)
  region size 2048K, 35 young (71680K), 2 survivors (4096K)
 Metaspace       used 12511K, committed 12672K, reserved 1114112K
  class space    used 1162K, committed 1216K, reserved 1048576K
}
Event: 7.230 GC heap after
{Heap after GC invocations=28 (full 0):
 garbage-first heap   total 200704K, used 84901K [0x0000000704400000, 0x0000000800000000)
  region size 2048K, 4 young (8192K), 4 survivors (8192K)
 Metaspace       used 12511K, committed 12672K, reserved 1114112K
  class space    used 1162K, committed 1216K, reserved 1048576K
}

